Using pre-set license
Built from '2020.3/release' branch; Version is '2020.3.2f1 (8fd9074bf66c) revision 9427207'; Using compiler version '192528614'; Build Type 'Release'
OS: 'Windows 10 Pro for Workstations; OS build 19041.867; Version 2004; 64bit' Language: 'es' Physical Memory: 65263 MB
BatchMode: 1, IsHumanControllingUs: 0, StartBugReporterOnCrash: 0, Is64bit: 1, IsPro: 0

 COMMAND LINE ARGUMENTS:
C:\Program Files\Unity\Hub\Editor\2020.3.2f1\Editor\Unity.exe
-adb2
-batchMode
-noUpm
-name
AssetImportWorker0
-projectPath
C:/Users/Lab-RV-Z4-01/Desktop/Projectos/CIDTI/Fire_Simulation_2
-logFile
Logs/AssetImportWorker0.log
-srvPort
54493
Successfully changed project path to: C:/Users/Lab-RV-Z4-01/Desktop/Projectos/CIDTI/Fire_Simulation_2
C:/Users/Lab-RV-Z4-01/Desktop/Projectos/CIDTI/Fire_Simulation_2
Using Asset Import Pipeline V2.
Refreshing native plugins compatible for Editor in 98.57 ms, found 13 plugins.
Preloading 1 native plugins for Editor in 1.38 ms.
Initialize engine version: 2020.3.2f1 (8fd9074bf66c)
[Subsystems] Discovering subsystems at path C:/Program Files/Unity/Hub/Editor/2020.3.2f1/Editor/Data/Resources/UnitySubsystems
[Subsystems] Discovering subsystems at path C:/Users/Lab-RV-Z4-01/Desktop/Projectos/CIDTI/Fire_Simulation_2/Assets
GfxDevice: creating device client; threaded=0
Direct3D:
    Version:  Direct3D 11.0 [level 11.1]
    Renderer: NVIDIA Quadro RTX 4000 (ID=0x1eb1)
    Vendor:   
    VRAM:     8018 MB
    Driver:   26.21.14.4250
Initialize mono
Mono path[0] = 'C:/Program Files/Unity/Hub/Editor/2020.3.2f1/Editor/Data/Managed'
Mono path[1] = 'C:/Program Files/Unity/Hub/Editor/2020.3.2f1/Editor/Data/MonoBleedingEdge/lib/mono/unityjit'
Mono config path = 'C:/Program Files/Unity/Hub/Editor/2020.3.2f1/Editor/Data/MonoBleedingEdge/etc'
Using monoOptions --debugger-agent=transport=dt_socket,embedding=1,server=y,suspend=n,address=127.0.0.1:56168
Begin MonoManager ReloadAssembly
Registering precompiled unity dll's ...
Register platform support module: C:/Program Files/Unity/Hub/Editor/2020.3.2f1/Editor/Data/PlaybackEngines/MacStandaloneSupport/UnityEditor.OSXStandalone.Extensions.dll
Register platform support module: C:/Program Files/Unity/Hub/Editor/2020.3.2f1/Editor/Data/PlaybackEngines/WindowsStandaloneSupport/UnityEditor.WindowsStandalone.Extensions.dll
Registered in 0.003734 seconds.
Native extension for WindowsStandalone target not found
Native extension for OSXStandalone target not found
Refreshing native plugins compatible for Editor in 48.20 ms, found 13 plugins.
Preloading 1 native plugins for Editor in 0.13 ms.
Invoked RoslynAnalysisRunner static constructor.
RoslynAnalysisRunner will not be running.
RoslynAnalysisRunner has terminated.
Mono: successfully reloaded assembly
- Completed reload, in  3.141 seconds
Platform modules already initialized, skipping
Registering precompiled user dll's ...
Registered in 0.020711 seconds.
Begin MonoManager ReloadAssembly
Native extension for WindowsStandalone target not found
Native extension for OSXStandalone target not found
Refreshing native plugins compatible for Editor in 0.88 ms, found 13 plugins.
Preloading 1 native plugins for Editor in 0.14 ms.
Invoked RoslynAnalysisRunner static constructor.
RoslynAnalysisRunner will not be running.
RoslynAnalysisRunner has terminated.
Mono: successfully reloaded assembly
- Completed reload, in  0.995 seconds
Platform modules already initialized, skipping
========================================================================
Worker process is ready to serve import requests
Launched and connected shader compiler UnityShaderCompiler.exe after 0.08 seconds
Refreshing native plugins compatible for Editor in 0.87 ms, found 13 plugins.
Preloading 1 native plugins for Editor in 0.13 ms.
Unloading 1722 Unused Serialized files (Serialized files now loaded: 0)
System memory in use before: 90.2 MB.
System memory in use after: 89.8 MB.

Unloading 64 unused Assets to reduce memory usage. Loaded Objects now: 2129.
Total: 4.886300 ms (FindLiveObjects: 0.347000 ms CreateObjectMapping: 0.112500 ms MarkObjects: 3.507900 ms  DeleteObjects: 0.916800 ms)

========================================================================
Received Import Request.
  path: Assets/Project
  artifactKey: Guid(e67d1f353b77e28478b49e18e61aa9c6) Importer(815301076,1909f56bfc062723c751e8b465ee728b)
Start importing Assets/Project using Guid(e67d1f353b77e28478b49e18e61aa9c6) Importer(815301076,1909f56bfc062723c751e8b465ee728b)  -> (artifact id: '0988db76597e1d5e48e61bf2a1e91bed') in 0.018058 seconds
  Import took 0.023420 seconds .

========================================================================
Received Prepare
Registering precompiled user dll's ...
Registered in 0.018469 seconds.
Begin MonoManager ReloadAssembly
Native extension for WindowsStandalone target not found
Native extension for OSXStandalone target not found
Refreshing native plugins compatible for Editor in 0.90 ms, found 13 plugins.
Preloading 1 native plugins for Editor in 0.15 ms.
Invoked RoslynAnalysisRunner static constructor.
RoslynAnalysisRunner will not be running.
RoslynAnalysisRunner has terminated.
Mono: successfully reloaded assembly
- Completed reload, in  0.919 seconds
Platform modules already initialized, skipping
Switching build target platform(5) subTarget(0) extendedPlatform(0) -> platform(21) subTarget(0) extendedPlatform(0)
Refreshing native plugins compatible for Editor in 0.89 ms, found 13 plugins.
Preloading 1 native plugins for Editor in 0.13 ms.
Unloading 1652 Unused Serialized files (Serialized files now loaded: 0)
System memory in use before: 85.2 MB.
System memory in use after: 84.9 MB.

Unloading 59 unused Assets to reduce memory usage. Loaded Objects now: 2133.
Total: 2.922800 ms (FindLiveObjects: 0.357300 ms CreateObjectMapping: 0.118900 ms MarkObjects: 2.005500 ms  DeleteObjects: 0.439100 ms)

========================================================================
Received Import Request.
  Time since last request: 7326.840220 seconds.
  path: Assets/Third_Assets
  artifactKey: Guid(1cb946bea8d7ea8489aac25263256715) Importer(815301076,1909f56bfc062723c751e8b465ee728b)
Start importing Assets/Third_Assets using Guid(1cb946bea8d7ea8489aac25263256715) Importer(815301076,1909f56bfc062723c751e8b465ee728b)  -> (artifact id: '515663bd63b323e5a22e7c62843bb742') in 0.017140 seconds
  Import took 0.024028 seconds .

========================================================================
Received Import Request.
  Time since last request: 4.056972 seconds.
  path: Assets/cupboard-drawer-cabinet
  artifactKey: Guid(bd0494e50b6f73041a9cc9729202bc41) Importer(815301076,1909f56bfc062723c751e8b465ee728b)
Start importing Assets/cupboard-drawer-cabinet using Guid(bd0494e50b6f73041a9cc9729202bc41) Importer(815301076,1909f56bfc062723c751e8b465ee728b)  -> (artifact id: '439186a6ae338922f96e49cca61c01ae') in 0.011416 seconds
  Import took 0.014899 seconds .

========================================================================
Received Prepare
Registering precompiled user dll's ...
Registered in 0.016709 seconds.
Begin MonoManager ReloadAssembly
Native extension for WindowsStandalone target not found
Native extension for OSXStandalone target not found
Refreshing native plugins compatible for Editor in 0.91 ms, found 13 plugins.
Preloading 1 native plugins for Editor in 0.14 ms.
Invoked RoslynAnalysisRunner static constructor.
RoslynAnalysisRunner will not be running.
RoslynAnalysisRunner has terminated.
Mono: successfully reloaded assembly
- Completed reload, in  0.875 seconds
Platform modules already initialized, skipping
Switching build target platform(5) subTarget(0) extendedPlatform(0) -> platform(21) subTarget(0) extendedPlatform(0)
Refreshing native plugins compatible for Editor in 0.90 ms, found 13 plugins.
Preloading 1 native plugins for Editor in 0.14 ms.
Unloading 1652 Unused Serialized files (Serialized files now loaded: 0)
System memory in use before: 85.2 MB.
System memory in use after: 84.9 MB.

Unloading 59 unused Assets to reduce memory usage. Loaded Objects now: 2137.
Total: 5.390800 ms (FindLiveObjects: 0.372500 ms CreateObjectMapping: 0.168500 ms MarkObjects: 3.902900 ms  DeleteObjects: 0.944400 ms)

========================================================================
Received Prepare
Registering precompiled user dll's ...
Registered in 0.024655 seconds.
Begin MonoManager ReloadAssembly
Native extension for WindowsStandalone target not found
Native extension for OSXStandalone target not found
Refreshing native plugins compatible for Editor in 0.90 ms, found 13 plugins.
Preloading 1 native plugins for Editor in 0.13 ms.
Invoked RoslynAnalysisRunner static constructor.
RoslynAnalysisRunner will not be running.
RoslynAnalysisRunner has terminated.
Mono: successfully reloaded assembly
- Completed reload, in  0.834 seconds
Platform modules already initialized, skipping
Switching build target platform(5) subTarget(0) extendedPlatform(0) -> platform(21) subTarget(0) extendedPlatform(0)
Refreshing native plugins compatible for Editor in 1.33 ms, found 13 plugins.
Preloading 1 native plugins for Editor in 0.36 ms.
Unloading 1652 Unused Serialized files (Serialized files now loaded: 0)
System memory in use before: 85.3 MB.
System memory in use after: 85.0 MB.

Unloading 59 unused Assets to reduce memory usage. Loaded Objects now: 2141.
Total: 5.028000 ms (FindLiveObjects: 0.296600 ms CreateObjectMapping: 0.076300 ms MarkObjects: 3.670800 ms  DeleteObjects: 0.981900 ms)

