Using pre-set license
Built from '2020.3/release' branch; Version is '2020.3.2f1 (8fd9074bf66c) revision 9427207'; Using compiler version '192528614'; Build Type 'Release'
OS: 'Windows 10 Pro for Workstations; OS build 19041.867; Version 2004; 64bit' Language: 'es' Physical Memory: 65263 MB
BatchMode: 1, IsHumanControllingUs: 0, StartBugReporterOnCrash: 0, Is64bit: 1, IsPro: 0

 COMMAND LINE ARGUMENTS:
C:\Program Files\Unity\Hub\Editor\2020.3.2f1\Editor\Unity.exe
-adb2
-batchMode
-noUpm
-name
AssetImportWorker0
-projectPath
C:/Users/Lab-RV-Z4-01/Desktop/Projectos/CIDTI/FireSimulationv20203
-logFile
Logs/AssetImportWorker0.log
-srvPort
58222
Successfully changed project path to: C:/Users/Lab-RV-Z4-01/Desktop/Projectos/CIDTI/FireSimulationv20203
C:/Users/Lab-RV-Z4-01/Desktop/Projectos/CIDTI/FireSimulationv20203
Using Asset Import Pipeline V2.
Refreshing native plugins compatible for Editor in 72.59 ms, found 13 plugins.
Preloading 1 native plugins for Editor in 1.08 ms.
Initialize engine version: 2020.3.2f1 (8fd9074bf66c)
[Subsystems] Discovering subsystems at path C:/Program Files/Unity/Hub/Editor/2020.3.2f1/Editor/Data/Resources/UnitySubsystems
[Subsystems] Discovering subsystems at path C:/Users/Lab-RV-Z4-01/Desktop/Projectos/CIDTI/FireSimulationv20203/Assets
GfxDevice: creating device client; threaded=0
Direct3D:
    Version:  Direct3D 11.0 [level 11.1]
    Renderer: NVIDIA Quadro RTX 4000 (ID=0x1eb1)
    Vendor:   
    VRAM:     8018 MB
    Driver:   26.21.14.4250
Initialize mono
Mono path[0] = 'C:/Program Files/Unity/Hub/Editor/2020.3.2f1/Editor/Data/Managed'
Mono path[1] = 'C:/Program Files/Unity/Hub/Editor/2020.3.2f1/Editor/Data/MonoBleedingEdge/lib/mono/unityjit'
Mono config path = 'C:/Program Files/Unity/Hub/Editor/2020.3.2f1/Editor/Data/MonoBleedingEdge/etc'
Using monoOptions --debugger-agent=transport=dt_socket,embedding=1,server=y,suspend=n,address=127.0.0.1:56348
Begin MonoManager ReloadAssembly
Registering precompiled unity dll's ...
Register platform support module: C:/Program Files/Unity/Hub/Editor/2020.3.2f1/Editor/Data/PlaybackEngines/MacStandaloneSupport/UnityEditor.OSXStandalone.Extensions.dll
Register platform support module: C:/Program Files/Unity/Hub/Editor/2020.3.2f1/Editor/Data/PlaybackEngines/WindowsStandaloneSupport/UnityEditor.WindowsStandalone.Extensions.dll
Registered in 0.003880 seconds.
Native extension for WindowsStandalone target not found
Native extension for OSXStandalone target not found
Refreshing native plugins compatible for Editor in 54.39 ms, found 13 plugins.
Preloading 1 native plugins for Editor in 0.15 ms.
Invoked RoslynAnalysisRunner static constructor.
RoslynAnalysisRunner will not be running.
RoslynAnalysisRunner has terminated.
Mono: successfully reloaded assembly
- Completed reload, in  3.085 seconds
Platform modules already initialized, skipping
Registering precompiled user dll's ...
Registered in 0.018028 seconds.
Begin MonoManager ReloadAssembly
Native extension for WindowsStandalone target not found
Native extension for OSXStandalone target not found
Refreshing native plugins compatible for Editor in 0.85 ms, found 13 plugins.
Preloading 1 native plugins for Editor in 0.21 ms.
Invoked RoslynAnalysisRunner static constructor.
RoslynAnalysisRunner will not be running.
RoslynAnalysisRunner has terminated.
Mono: successfully reloaded assembly
- Completed reload, in  1.093 seconds
Platform modules already initialized, skipping
========================================================================
Worker process is ready to serve import requests
Launched and connected shader compiler UnityShaderCompiler.exe after 0.09 seconds
Refreshing native plugins compatible for Editor in 0.83 ms, found 13 plugins.
Preloading 1 native plugins for Editor in 0.13 ms.
Unloading 1722 Unused Serialized files (Serialized files now loaded: 0)
System memory in use before: 90.2 MB.
System memory in use after: 89.8 MB.

Unloading 64 unused Assets to reduce memory usage. Loaded Objects now: 2129.
Total: 3.159900 ms (FindLiveObjects: 0.359000 ms CreateObjectMapping: 0.132900 ms MarkObjects: 2.193000 ms  DeleteObjects: 0.473600 ms)

========================================================================
Received Import Request.
  path: Assets/Antilatency/Integration/Samples/Ceiling_All_Simulation.unity
  artifactKey: Guid(26dee9fc1666c2343901f23f056b1991) Importer(815301076,1909f56bfc062723c751e8b465ee728b)
Start importing Assets/Antilatency/Integration/Samples/Ceiling_All_Simulation.unity using Guid(26dee9fc1666c2343901f23f056b1991) Importer(815301076,1909f56bfc062723c751e8b465ee728b)  -> (artifact id: '4090c103b17aa8e11179238f3a58339a') in 0.037857 seconds
  Import took 0.044389 seconds .

========================================================================
Received Import Request.
  Time since last request: 4.732806 seconds.
  path: Assets/Antilatency/Integration/Version.info
  artifactKey: Guid(224bb0f6cebd6fe4db54b71631cfe550) Importer(815301076,1909f56bfc062723c751e8b465ee728b)
Start importing Assets/Antilatency/Integration/Version.info using Guid(224bb0f6cebd6fe4db54b71631cfe550) Importer(815301076,1909f56bfc062723c751e8b465ee728b)  -> (artifact id: 'a2640799892c44edb2d3d19dfb47c1a1') in 0.033357 seconds
  Import took 0.038150 seconds .

========================================================================
Received Import Request.
  Time since last request: 8.260535 seconds.
  path: Assets/Antilatency/Integration/Samples/Ceiling_All_Simulation 1.unity
  artifactKey: Guid(157556a1b62f7214d9a732196db60c38) Importer(815301076,1909f56bfc062723c751e8b465ee728b)
Start importing Assets/Antilatency/Integration/Samples/Ceiling_All_Simulation 1.unity using Guid(157556a1b62f7214d9a732196db60c38) Importer(815301076,1909f56bfc062723c751e8b465ee728b)  -> (artifact id: 'be9fd308c31ef8610ef5e81361ec3a4a') in 0.017727 seconds
  Import took 0.024160 seconds .

========================================================================
Received Import Request.
  Time since last request: 16.494789 seconds.
  path: Assets/Antilatency/Integration/Samples/MarketingScene.unity
  artifactKey: Guid(157556a1b62f7214d9a732196db60c38) Importer(815301076,1909f56bfc062723c751e8b465ee728b)
Start importing Assets/Antilatency/Integration/Samples/MarketingScene.unity using Guid(157556a1b62f7214d9a732196db60c38) Importer(815301076,1909f56bfc062723c751e8b465ee728b)  -> (artifact id: 'b4fffca2cce54a2f179cb5d74dac48a8') in 0.013365 seconds
  Import took 0.018251 seconds .

